<?xml version="1.0" encoding="UTF-8"?>
<!-- Generated by org.testng.reporters.JUnitReportReporter -->
<testsuite hostname="KSC1-LHP-K11240" failures="0" tests="3" name="files.DynamicJson" time="3.476" errors="0" timestamp="2022-06-22T14:54:04 CEST" skipped="0">
  <testcase classname="files.DynamicJson" name="addBook" time="2.552"/>
  <system-out/>
  <testcase classname="files.DynamicJson" name="addBook" time="0.495"/>
  <system-out/>
  <testcase classname="files.DynamicJson" name="addBook" time="0.429"/>
  <system-out/>
</testsuite> <!-- files.DynamicJson -->
