<?xml version="1.0" encoding="UTF-8"?>
<!-- Generated by org.testng.reporters.JUnitReportReporter -->
<testsuite hostname="KSC1-LHP-K11240" failures="0" tests="1" name="files.DynamicJson" time="1.759" errors="0" timestamp="2022-06-22T10:09:05 CEST" skipped="0">
  <testcase classname="files.DynamicJson" name="addBook" time="1.759"/>
  <system-out/>
</testsuite> <!-- files.DynamicJson -->
