<?xml version="1.0" encoding="UTF-8"?>
<!-- Generated by org.testng.reporters.JUnitReportReporter -->
<testsuite hostname="KSC1-LHP-K11240" failures="0" tests="2" name="files.DynamicJson" time="3.048" errors="0" timestamp="2022-06-22T14:14:51 CEST" skipped="0">
  <testcase classname="files.DynamicJson" name="addBook" time="2.200"/>
  <system-out/>
  <testcase classname="files.DynamicJson" name="deleteBook" time="0.848"/>
  <system-out/>
</testsuite> <!-- files.DynamicJson -->
