<?xml version="1.0" encoding="UTF-8"?>
<!-- Generated by org.testng.reporters.JUnitReportReporter -->
<testsuite hostname="KSC1-LHP-K11240" failures="0" tests="1" name="SumValidation" time="0.876" errors="0" timestamp="2022-06-22T15:39:04 CEST" skipped="0">
  <testcase classname="SumValidation" name="sumOfCourses" time="0.876"/>
  <system-out/>
</testsuite> <!-- SumValidation -->
