<?xml version="1.0" encoding="UTF-8"?>
<!-- Generated by org.testng.reporters.JUnitReportReporter -->
<testsuite hostname="KSC1-LHP-K11240" failures="0" tests="2" name="files.AddReadAndDeleteBook" time="3.059" errors="0" timestamp="2022-06-22T14:20:16 CEST" skipped="0">
  <testcase classname="files.AddReadAndDeleteBook" name="deleteBook" time="0.817"/>
  <system-out/>
  <testcase classname="files.AddReadAndDeleteBook" name="addBook" time="2.242"/>
  <system-out/>
</testsuite> <!-- files.AddReadAndDeleteBook -->
